::1 - - [06/May/2019:12:18:24 +0000] "POST /create HTTP/1.1" - - "-" "PostmanRuntime/7.6.1"
::1 - - [06/May/2019:12:20:26 +0000] "POST /create HTTP/1.1" 500 1648 "-" "PostmanRuntime/7.6.1"
::1 - - [06/May/2019:12:22:24 +0000] "POST /create HTTP/1.1" 500 1648 "-" "PostmanRuntime/7.6.1"
::1 - - [06/May/2019:12:36:25 +0000] "POST /create HTTP/1.1" 200 56 "-" "PostmanRuntime/7.6.1"
::1 - - [06/May/2019:12:37:32 +0000] "POST /create HTTP/1.1" 200 56 "-" "PostmanRuntime/7.6.1"
::1 - - [06/May/2019:12:37:56 +0000] "PUT /update HTTP/1.1" 200 58 "-" "PostmanRuntime/7.6.1"
::1 - - [06/May/2019:12:38:13 +0000] "GET /student HTTP/1.1" 200 - "-" "PostmanRuntime/7.6.1"
::1 - - [06/May/2019:12:38:40 +0000] "DELETE /delete/2 HTTP/1.1" 200 58 "-" "PostmanRuntime/7.6.1"
::1 - - [06/May/2019:12:43:54 +0000] "POST /create HTTP/1.1" 200 56 "-" "PostmanRuntime/7.6.1"
::1 - - [06/May/2019:12:53:33 +0000] "POST /create HTTP/1.1" 200 56 "-" "PostmanRuntime/7.6.1"
::1 - - [06/May/2019:12:54:16 +0000] "POST /create HTTP/1.1" 200 56 "-" "PostmanRuntime/7.6.1"
::1 - - [06/May/2019:12:59:56 +0000] "POST /create HTTP/1.1" 200 56 "-" "PostmanRuntime/7.6.1"
::1 - - [06/May/2019:13:01:24 +0000] "POST /create HTTP/1.1" 200 56 "-" "PostmanRuntime/7.6.1"
::1 - - [06/May/2019:13:02:02 +0000] "POST /create HTTP/1.1" 200 56 "-" "PostmanRuntime/7.6.1"
::1 - - [06/May/2019:13:02:58 +0000] "POST /create HTTP/1.1" 200 56 "-" "PostmanRuntime/7.6.1"
::1 - - [06/May/2019:13:06:17 +0000] "POST /create HTTP/1.1" 200 56 "-" "PostmanRuntime/7.6.1"
::1 - - [06/May/2019:13:06:32 +0000] "POST /create HTTP/1.1" 200 56 "-" "PostmanRuntime/7.6.1"
::1 - - [06/May/2019:13:06:50 +0000] "POST /create HTTP/1.1" 200 56 "-" "PostmanRuntime/7.6.1"
::1 - - [06/May/2019:13:07:07 +0000] "POST /create HTTP/1.1" 200 56 "-" "PostmanRuntime/7.6.1"
::1 - - [06/May/2019:13:07:45 +0000] "POST /create HTTP/1.1" 200 56 "-" "PostmanRuntime/7.6.1"
::1 - - [06/May/2019:13:07:58 +0000] "GET /student HTTP/1.1" 200 - "-" "PostmanRuntime/7.6.1"
::1 - - [06/May/2019:13:08:37 +0000] "PUT /update HTTP/1.1" 200 58 "-" "PostmanRuntime/7.6.1"
::1 - - [06/May/2019:13:08:49 +0000] "GET /student HTTP/1.1" 200 - "-" "PostmanRuntime/7.6.1"
::1 - - [06/May/2019:13:09:15 +0000] "DELETE /delete/4 HTTP/1.1" 200 58 "-" "PostmanRuntime/7.6.1"
::1 - - [06/May/2019:13:09:28 +0000] "GET /student HTTP/1.1" 200 - "-" "PostmanRuntime/7.6.1"
::1 - - [06/May/2019:13:14:05 +0000] "POST /create HTTP/1.1" 200 56 "-" "PostmanRuntime/7.6.1"
::1 - - [06/May/2019:13:14:25 +0000] "GET /student HTTP/1.1" 200 - "-" "PostmanRuntime/7.6.1"
::1 - - [06/May/2019:13:14:48 +0000] "PUT /update HTTP/1.1" 200 58 "-" "PostmanRuntime/7.6.1"
::1 - - [06/May/2019:13:15:00 +0000] "GET /student HTTP/1.1" 200 - "-" "PostmanRuntime/7.6.1"
::1 - - [06/May/2019:13:15:17 +0000] "DELETE /delete/1 HTTP/1.1" 200 58 "-" "PostmanRuntime/7.6.1"
::1 - - [06/May/2019:13:15:28 +0000] "GET /student HTTP/1.1" 200 - "-" "PostmanRuntime/7.6.1"
